[07:53:47] [main/INFO]: Setting user: Player949
[07:53:52] [Client thread/INFO]: LWJGL Version: 2.9.1
[07:54:25] [Client thread/INFO]: Reloading ResourceManager: Default, FMLFileResourcePack:Forge Mod Loader, FMLFileResourcePack:Minecraft Forge, FMLFileResourcePack:Expandmod Core
[07:54:27] [Sound Library Loader/INFO]: Sound engine started
[07:54:39] [Client thread/INFO]: Created: 16x16 textures/blocks-atlas
[07:54:39] [Client thread/INFO]: Created: 16x16 textures/items-atlas
[07:54:39] [Client thread/INFO]: Reloading ResourceManager: Default, FMLFileResourcePack:Forge Mod Loader, FMLFileResourcePack:Minecraft Forge, FMLFileResourcePack:Expandmod Core
[07:54:41] [Client thread/INFO]: Created: 512x256 textures/blocks-atlas
[07:54:41] [Client thread/INFO]: Created: 256x256 textures/items-atlas
[07:54:42] [Sound Library Loader/INFO]: Sound engine started
[07:54:58] [Client thread/INFO]: Deleting level Nouveau monde-
[07:54:58] [Client thread/INFO]: Attempt 1...
[07:55:00] [Client thread/INFO]: Deleting level Nouveau monde
[07:55:00] [Client thread/INFO]: Attempt 1...
[07:55:04] [Server thread/INFO]: Starting integrated minecraft server version 1.7.10
[07:55:04] [Server thread/INFO]: Generating keypair
[07:55:04] [Server thread/INFO]: Converting map!
[07:55:04] [Server thread/INFO]: Scanning folders...
[07:55:04] [Server thread/INFO]: Total conversion count is 0
[07:55:06] [Server thread/INFO]: Preparing start region for level 0
[07:55:07] [Server thread/INFO]: Preparing spawn area: 2%
[07:55:08] [Server thread/INFO]: Preparing spawn area: 5%
[07:55:09] [Server thread/INFO]: Preparing spawn area: 11%
[07:55:11] [Server thread/INFO]: Preparing spawn area: 14%
[07:55:12] [Server thread/INFO]: Preparing spawn area: 19%
[07:55:13] [Server thread/INFO]: Preparing spawn area: 26%
[07:55:14] [Server thread/INFO]: Preparing spawn area: 34%
[07:55:15] [Server thread/INFO]: Preparing spawn area: 43%
[07:55:16] [Server thread/INFO]: Preparing spawn area: 51%
[07:55:17] [Server thread/INFO]: Preparing spawn area: 60%
[07:55:18] [Server thread/INFO]: Preparing spawn area: 69%
[07:55:19] [Server thread/INFO]: Preparing spawn area: 79%
[07:55:20] [Server thread/INFO]: Preparing spawn area: 91%
[07:55:21] [Server thread/INFO]: Preparing spawn area: 99%
[07:55:21] [Server thread/INFO]: Changing view distance to 2, from 10
[07:55:23] [Server thread/INFO]: Player949[local:E:3614c494] logged in with entity id 326 at (-59.5, 65.0, -93.5)
[07:55:24] [Server thread/INFO]: Player949 a rejoint la partie
[07:55:25] [Server thread/INFO]: Saving and pausing game...
[07:55:25] [Server thread/INFO]: Saving chunks for level 'Nouveau monde'/Overworld
[07:55:33] [Server thread/INFO]: Saving chunks for level 'Nouveau monde'/Nether
[07:55:33] [Server thread/INFO]: Saving chunks for level 'Nouveau monde'/The End
[07:55:35] [Server thread/INFO]: Player949 vient d'obtenir le succès [Faire l'inventaire]
[07:55:35] [Client thread/INFO]: [CHAT] Player949 vient d'obtenir le succès [Faire l'inventaire]
[07:55:39] [Server thread/WARN]: Can't keep up! Did the system time change, or is the server overloaded? Running 15721ms behind, skipping 314 tick(s)
[07:55:48] [Client thread/WARN]: Failed to load texture: expandmodcore:texture/models/armor/fluorites_layer_1.png
java.io.FileNotFoundException: expandmodcore:texture/models/armor/fluorites_layer_1.png
	at net.minecraft.client.resources.FallbackResourceManager.getResource(FallbackResourceManager.java:65) ~[FallbackResourceManager.class:?]
	at net.minecraft.client.resources.SimpleReloadableResourceManager.getResource(SimpleReloadableResourceManager.java:67) ~[SimpleReloadableResourceManager.class:?]
	at net.minecraft.client.renderer.texture.SimpleTexture.loadTexture(SimpleTexture.java:35) ~[SimpleTexture.class:?]
	at net.minecraft.client.renderer.texture.TextureManager.loadTexture(TextureManager.java:89) [TextureManager.class:?]
	at net.minecraft.client.renderer.texture.TextureManager.bindTexture(TextureManager.java:45) [TextureManager.class:?]
	at net.minecraft.client.renderer.entity.Render.bindTexture(Render.java:60) [Render.class:?]
	at net.minecraft.client.renderer.entity.RenderPlayer.shouldRenderPass(RenderPlayer.java:70) [RenderPlayer.class:?]
	at net.minecraft.client.renderer.entity.RenderPlayer.shouldRenderPass(RenderPlayer.java:517) [RenderPlayer.class:?]
	at net.minecraft.client.renderer.entity.RendererLivingEntity.doRender(RendererLivingEntity.java:173) [RendererLivingEntity.class:?]
	at net.minecraft.client.renderer.entity.RenderPlayer.doRender(RenderPlayer.java:167) [RenderPlayer.class:?]
	at net.minecraft.client.renderer.entity.RenderPlayer.doRender(RenderPlayer.java:565) [RenderPlayer.class:?]
	at net.minecraft.client.renderer.entity.RenderManager.func_147939_a(RenderManager.java:300) [RenderManager.class:?]
	at net.minecraft.client.renderer.entity.RenderManager.renderEntityStatic(RenderManager.java:278) [RenderManager.class:?]
	at net.minecraft.client.renderer.entity.RenderManager.renderEntitySimple(RenderManager.java:251) [RenderManager.class:?]
	at net.minecraft.client.renderer.RenderGlobal.renderEntities(RenderGlobal.java:527) [RenderGlobal.class:?]
	at net.minecraft.client.renderer.EntityRenderer.renderWorld(EntityRenderer.java:1300) [EntityRenderer.class:?]
	at net.minecraft.client.renderer.EntityRenderer.updateCameraAndRender(EntityRenderer.java:1087) [EntityRenderer.class:?]
	at net.minecraft.client.Minecraft.runGameLoop(Minecraft.java:1067) [Minecraft.class:?]
	at net.minecraft.client.Minecraft.run(Minecraft.java:962) [Minecraft.class:?]
	at net.minecraft.client.main.Main.main(Main.java:164) [Main.class:?]
	at sun.reflect.NativeMethodAccessorImpl.invoke0(Native Method) ~[?:1.8.0_201]
	at sun.reflect.NativeMethodAccessorImpl.invoke(Unknown Source) ~[?:1.8.0_201]
	at sun.reflect.DelegatingMethodAccessorImpl.invoke(Unknown Source) ~[?:1.8.0_201]
	at java.lang.reflect.Method.invoke(Unknown Source) ~[?:1.8.0_201]
	at net.minecraft.launchwrapper.Launch.launch(Launch.java:135) [launchwrapper-1.12.jar:?]
	at net.minecraft.launchwrapper.Launch.main(Launch.java:28) [launchwrapper-1.12.jar:?]
	at net.minecraftforge.gradle.GradleStartCommon.launch(Unknown Source) [start/:?]
	at GradleStart.main(Unknown Source) [start/:?]
[07:55:50] [Client thread/WARN]: Failed to load texture: expandmodcore:texture/models/armor/fluorites_layer_2.png
java.io.FileNotFoundException: expandmodcore:texture/models/armor/fluorites_layer_2.png
	at net.minecraft.client.resources.FallbackResourceManager.getResource(FallbackResourceManager.java:65) ~[FallbackResourceManager.class:?]
	at net.minecraft.client.resources.SimpleReloadableResourceManager.getResource(SimpleReloadableResourceManager.java:67) ~[SimpleReloadableResourceManager.class:?]
	at net.minecraft.client.renderer.texture.SimpleTexture.loadTexture(SimpleTexture.java:35) ~[SimpleTexture.class:?]
	at net.minecraft.client.renderer.texture.TextureManager.loadTexture(TextureManager.java:89) [TextureManager.class:?]
	at net.minecraft.client.renderer.texture.TextureManager.bindTexture(TextureManager.java:45) [TextureManager.class:?]
	at net.minecraft.client.renderer.entity.Render.bindTexture(Render.java:60) [Render.class:?]
	at net.minecraft.client.renderer.entity.RenderPlayer.shouldRenderPass(RenderPlayer.java:70) [RenderPlayer.class:?]
	at net.minecraft.client.renderer.entity.RenderPlayer.shouldRenderPass(RenderPlayer.java:517) [RenderPlayer.class:?]
	at net.minecraft.client.renderer.entity.RendererLivingEntity.doRender(RendererLivingEntity.java:173) [RendererLivingEntity.class:?]
	at net.minecraft.client.renderer.entity.RenderPlayer.doRender(RenderPlayer.java:167) [RenderPlayer.class:?]
	at net.minecraft.client.renderer.entity.RenderPlayer.doRender(RenderPlayer.java:565) [RenderPlayer.class:?]
	at net.minecraft.client.renderer.entity.RenderManager.func_147939_a(RenderManager.java:300) [RenderManager.class:?]
	at net.minecraft.client.renderer.entity.RenderManager.renderEntityStatic(RenderManager.java:278) [RenderManager.class:?]
	at net.minecraft.client.renderer.entity.RenderManager.renderEntitySimple(RenderManager.java:251) [RenderManager.class:?]
	at net.minecraft.client.renderer.RenderGlobal.renderEntities(RenderGlobal.java:527) [RenderGlobal.class:?]
	at net.minecraft.client.renderer.EntityRenderer.renderWorld(EntityRenderer.java:1300) [EntityRenderer.class:?]
	at net.minecraft.client.renderer.EntityRenderer.updateCameraAndRender(EntityRenderer.java:1087) [EntityRenderer.class:?]
	at net.minecraft.client.Minecraft.runGameLoop(Minecraft.java:1067) [Minecraft.class:?]
	at net.minecraft.client.Minecraft.run(Minecraft.java:962) [Minecraft.class:?]
	at net.minecraft.client.main.Main.main(Main.java:164) [Main.class:?]
	at sun.reflect.NativeMethodAccessorImpl.invoke0(Native Method) ~[?:1.8.0_201]
	at sun.reflect.NativeMethodAccessorImpl.invoke(Unknown Source) ~[?:1.8.0_201]
	at sun.reflect.DelegatingMethodAccessorImpl.invoke(Unknown Source) ~[?:1.8.0_201]
	at java.lang.reflect.Method.invoke(Unknown Source) ~[?:1.8.0_201]
	at net.minecraft.launchwrapper.Launch.launch(Launch.java:135) [launchwrapper-1.12.jar:?]
	at net.minecraft.launchwrapper.Launch.main(Launch.java:28) [launchwrapper-1.12.jar:?]
	at net.minecraftforge.gradle.GradleStartCommon.launch(Unknown Source) [start/:?]
	at GradleStart.main(Unknown Source) [start/:?]
[07:57:03] [Server thread/INFO]: Saving and pausing game...
[07:57:03] [Server thread/INFO]: Saving chunks for level 'Nouveau monde'/Overworld
[07:57:03] [Server thread/INFO]: Saving chunks for level 'Nouveau monde'/Nether
[07:57:03] [Server thread/INFO]: Saving chunks for level 'Nouveau monde'/The End
[07:57:32] [Server thread/INFO]: Saving and pausing game...
[07:57:32] [Server thread/INFO]: Saving chunks for level 'Nouveau monde'/Overworld
[07:57:32] [Server thread/INFO]: Saving chunks for level 'Nouveau monde'/Nether
[07:57:32] [Server thread/INFO]: Saving chunks for level 'Nouveau monde'/The End
[07:57:32] [Server thread/INFO]: Stopping server
[07:57:32] [Server thread/INFO]: Saving players
[07:57:32] [Server thread/INFO]: Saving worlds
[07:57:32] [Server thread/INFO]: Saving chunks for level 'Nouveau monde'/Overworld
[07:57:32] [Server thread/INFO]: Saving chunks for level 'Nouveau monde'/Nether
[07:57:32] [Server thread/INFO]: Saving chunks for level 'Nouveau monde'/The End
[07:57:34] [Client thread/INFO]: Stopping!
[13:41:42] [main/INFO]: Setting user: Player530
[13:41:53] [main/INFO]: Setting user: Player743
